{"uid":"4b4757e66a1912dae1a509f688f20b0f","children":[{"name":"Product defects","children":[{"name":"Element should exist {div[class*='Subproject__container'].snapshot(1 elements)[0]}\nElement: 'Ups, failed to describe the element [caused by: StaleElementReferenceException: stale element reference: stale element not found]'\nActual value: does not exist\nScreenshot: file:/home/runner/work/teamcity-testing-framework/teamcity-testing-framework/build/reports/tests/1742918741158.0.png\nPage source: file:/home/runner/work/teamcity-testing-framework/teamcity-testing-framework/build/reports/tests/1742918741158.0.html\nTimeout: 4 s.","children":[{"name":"User should be able to create a project","uid":"bbb7298b722d09c9","parentUid":"b9369c19c6a28685372619dcd58fd835","status":"failed","time":{"start":1742918675720,"stop":1742918742293,"duration":66573},"flaky":true,"newFailed":true,"newPassed":false,"newBroken":false,"retriesCount":0,"retriesStatusChange":false,"parameters":[],"tags":["Positive","Regression"]}],"uid":"b9369c19c6a28685372619dcd58fd835"},{"name":"Element not found {#url}\nExpected: editable\nScreenshot: file:/home/runner/work/teamcity-testing-framework/teamcity-testing-framework/build/reports/tests/1742918758874.1.png\nPage source: file:/home/runner/work/teamcity-testing-framework/teamcity-testing-framework/build/reports/tests/1742918758874.1.html\nTimeout: 4 s.\nCaused by: NoSuchElementException: no such element: Unable to locate element: {\"method\":\"css selector\",\"selector\":\"#url\"}","children":[{"name":"User should not be able to create a build configuration with name that already exists for another build configuration","uid":"725dc6968aafb93f","parentUid":"e2310b502d82872ee4e74e2a4f75847c","status":"failed","time":{"start":1742918742458,"stop":1742918759722,"duration":17264},"flaky":false,"newFailed":true,"newPassed":false,"newBroken":false,"retriesCount":0,"retriesStatusChange":false,"parameters":[],"tags":["Negative","Regression"]}],"uid":"e2310b502d82872ee4e74e2a4f75847c"},{"name":"Element not found {#url}\nExpected: editable\nScreenshot: file:/home/runner/work/teamcity-testing-framework/teamcity-testing-framework/build/reports/tests/1742918775824.2.png\nPage source: file:/home/runner/work/teamcity-testing-framework/teamcity-testing-framework/build/reports/tests/1742918775824.2.html\nTimeout: 4 s.\nCaused by: NoSuchElementException: no such element: Unable to locate element: {\"method\":\"css selector\",\"selector\":\"#url\"}","children":[{"name":"User should not be able to create a build configuration with empty name","uid":"a23e4becddc390b7","parentUid":"107808a73d1c9b26e30f0e7760bc0aba","status":"failed","time":{"start":1742918759732,"stop":1742918776770,"duration":17038},"flaky":true,"newFailed":true,"newPassed":false,"newBroken":false,"retriesCount":0,"retriesStatusChange":false,"parameters":[],"tags":["Negative","Regression"]}],"uid":"107808a73d1c9b26e30f0e7760bc0aba"}],"uid":"8fb3a91ba5aaf9de24cc8a92edc82b5d"}],"name":"categories"}